CRITICAL - 2022-12-14 16:24:51 --> Undefined variable: list
in APPPATH\Views\rekening.php on line 95.
 1 APPPATH\Views\rekening.php(95): CodeIgniter\Debug\Exceptions->errorHandler(8, 'Undefined variable: list', 'APPPATH\\Views\\rekening.php', 95, [...])
 2 SYSTEMPATH\View\View.php(213): include('APPPATH\\Views\\rekening.php')
 3 SYSTEMPATH\View\View.php(216): CodeIgniter\View\View->CodeIgniter\View\{closure}()
 4 SYSTEMPATH\Common.php(1134): CodeIgniter\View\View->render('rekening', [], true)
 5 APPPATH\Controllers\Rekening.php(22): view('rekening', [...])
 6 SYSTEMPATH\CodeIgniter.php(927): App\Controllers\Rekening->view()
 7 SYSTEMPATH\CodeIgniter.php(482): CodeIgniter\CodeIgniter->runController(Object(App\Controllers\Rekening))
 8 SYSTEMPATH\CodeIgniter.php(351): CodeIgniter\CodeIgniter->handleRequest(null, Object(Config\Cache), false)
 9 FCPATH\index.php(67): CodeIgniter\CodeIgniter->run()
CRITICAL - 2022-12-14 16:25:33 --> syntax error, unexpected '?>'
in APPPATH\Views\rekening.php on line 95.
 1 SYSTEMPATH\View\View.php(216): CodeIgniter\View\View->CodeIgniter\View\{closure}()
 2 SYSTEMPATH\Common.php(1134): CodeIgniter\View\View->render('rekening', [], true)
 3 APPPATH\Controllers\Rekening.php(22): view('rekening', [...])
 4 SYSTEMPATH\CodeIgniter.php(927): App\Controllers\Rekening->view()
 5 SYSTEMPATH\CodeIgniter.php(482): CodeIgniter\CodeIgniter->runController(Object(App\Controllers\Rekening))
 6 SYSTEMPATH\CodeIgniter.php(351): CodeIgniter\CodeIgniter->handleRequest(null, Object(Config\Cache), false)
 7 FCPATH\index.php(67): CodeIgniter\CodeIgniter->run()
ERROR - 2022-12-14 18:17:26 --> mysqli_sql_exception: Duplicate entry 'wesy' for key 'kode_akun' in C:\xampp\htdocs\konasapp\system\Database\MySQLi\Connection.php:292
Stack trace:
#0 C:\xampp\htdocs\konasapp\system\Database\MySQLi\Connection.php(292): mysqli->query('INSERT INTO `da...', 0)
#1 C:\xampp\htdocs\konasapp\system\Database\BaseConnection.php(666): CodeIgniter\Database\MySQLi\Connection->execute('INSERT INTO `da...')
#2 C:\xampp\htdocs\konasapp\system\Database\BaseConnection.php(593): CodeIgniter\Database\BaseConnection->simpleQuery('INSERT INTO `da...')
#3 C:\xampp\htdocs\konasapp\system\Database\BaseBuilder.php(1916): CodeIgniter\Database\BaseConnection->query('INSERT INTO `da...', Array, false)
#4 C:\xampp\htdocs\konasapp\system\Model.php(279): CodeIgniter\Database\BaseBuilder->insert()
#5 C:\xampp\htdocs\konasapp\system\BaseModel.php(749): CodeIgniter\Model->doInsert(Array)
#6 C:\xampp\htdocs\konasapp\system\Model.php(667): CodeIgniter\BaseModel->insert(Array, true)
#7 C:\xampp\htdocs\konasapp\app\Controllers\Rekening.php(33): CodeIgniter\Model->insert(Array)
#8 C:\xampp\htdocs\konasapp\system\CodeIgniter.php(927): App\Controllers\Rekening->add()
#9 C:\xampp\htdocs\konasapp\system\CodeIgniter.php(482): CodeIgniter\CodeIgniter->runController(Object(App\Controllers\Rekening))
#10 C:\xampp\htdocs\konasapp\system\CodeIgniter.php(351): CodeIgniter\CodeIgniter->handleRequest(NULL, Object(Config\Cache), false)
#11 C:\xampp\htdocs\konasapp\public\index.php(67): CodeIgniter\CodeIgniter->run()
#12 {main}
CRITICAL - 2022-12-14 18:17:26 --> Duplicate entry 'wesy' for key 'kode_akun'
in SYSTEMPATH\Database\MySQLi\Connection.php on line 292.
 1 SYSTEMPATH\Database\MySQLi\Connection.php(292): mysqli->query('INSERT INTO `daftar_akun` (`kode_akun`, `nama_akun`, `bisa_kirim`, `bisa_terima`) VALUES (\'wesys\', \'aegsaehgs\', \'0\', \'1\')', 0)
 2 SYSTEMPATH\Database\BaseConnection.php(666): CodeIgniter\Database\MySQLi\Connection->execute('INSERT INTO `daftar_akun` (`kode_akun`, `nama_akun`, `bisa_kirim`, `bisa_terima`) VALUES (\'wesys\', \'aegsaehgs\', \'0\', \'1\')')
 3 SYSTEMPATH\Database\BaseConnection.php(593): CodeIgniter\Database\BaseConnection->simpleQuery('INSERT INTO `daftar_akun` (`kode_akun`, `nama_akun`, `bisa_kirim`, `bisa_terima`) VALUES (\'wesys\', \'aegsaehgs\', \'0\', \'1\')')
 4 SYSTEMPATH\Database\BaseBuilder.php(1916): CodeIgniter\Database\BaseConnection->query('INSERT INTO `daftar_akun` (`kode_akun`, `nama_akun`, `bisa_kirim`, `bisa_terima`) VALUES (:kode_akun:, :nama_akun:, :bisa_kirim:, :bisa_terima:)', [...], false)
 5 SYSTEMPATH\Model.php(279): CodeIgniter\Database\BaseBuilder->insert()
 6 SYSTEMPATH\BaseModel.php(749): CodeIgniter\Model->doInsert([...])
 7 SYSTEMPATH\Model.php(667): CodeIgniter\BaseModel->insert([...], true)
 8 APPPATH\Controllers\Rekening.php(33): CodeIgniter\Model->insert([...])
 9 SYSTEMPATH\CodeIgniter.php(927): App\Controllers\Rekening->add()
10 SYSTEMPATH\CodeIgniter.php(482): CodeIgniter\CodeIgniter->runController(Object(App\Controllers\Rekening))
11 SYSTEMPATH\CodeIgniter.php(351): CodeIgniter\CodeIgniter->handleRequest(null, Object(Config\Cache), false)
12 FCPATH\index.php(67): CodeIgniter\CodeIgniter->run()
ERROR - 2022-12-14 18:17:44 --> mysqli_sql_exception: Duplicate entry 'wesy' for key 'kode_akun' in C:\xampp\htdocs\konasapp\system\Database\MySQLi\Connection.php:292
Stack trace:
#0 C:\xampp\htdocs\konasapp\system\Database\MySQLi\Connection.php(292): mysqli->query('INSERT INTO `da...', 0)
#1 C:\xampp\htdocs\konasapp\system\Database\BaseConnection.php(666): CodeIgniter\Database\MySQLi\Connection->execute('INSERT INTO `da...')
#2 C:\xampp\htdocs\konasapp\system\Database\BaseConnection.php(593): CodeIgniter\Database\BaseConnection->simpleQuery('INSERT INTO `da...')
#3 C:\xampp\htdocs\konasapp\system\Database\BaseBuilder.php(1916): CodeIgniter\Database\BaseConnection->query('INSERT INTO `da...', Array, false)
#4 C:\xampp\htdocs\konasapp\system\Model.php(279): CodeIgniter\Database\BaseBuilder->insert()
#5 C:\xampp\htdocs\konasapp\system\BaseModel.php(749): CodeIgniter\Model->doInsert(Array)
#6 C:\xampp\htdocs\konasapp\system\Model.php(667): CodeIgniter\BaseModel->insert(Array, true)
#7 C:\xampp\htdocs\konasapp\app\Controllers\Rekening.php(33): CodeIgniter\Model->insert(Array)
#8 C:\xampp\htdocs\konasapp\system\CodeIgniter.php(927): App\Controllers\Rekening->add()
#9 C:\xampp\htdocs\konasapp\system\CodeIgniter.php(482): CodeIgniter\CodeIgniter->runController(Object(App\Controllers\Rekening))
#10 C:\xampp\htdocs\konasapp\system\CodeIgniter.php(351): CodeIgniter\CodeIgniter->handleRequest(NULL, Object(Config\Cache), false)
#11 C:\xampp\htdocs\konasapp\public\index.php(67): CodeIgniter\CodeIgniter->run()
#12 {main}
CRITICAL - 2022-12-14 18:17:44 --> Duplicate entry 'wesy' for key 'kode_akun'
in SYSTEMPATH\Database\MySQLi\Connection.php on line 292.
 1 SYSTEMPATH\Database\MySQLi\Connection.php(292): mysqli->query('INSERT INTO `daftar_akun` (`kode_akun`, `nama_akun`, `bisa_kirim`, `bisa_terima`) VALUES (\'wesysa\', \'aegsaehgs\', \'0\', \'1\')', 0)
 2 SYSTEMPATH\Database\BaseConnection.php(666): CodeIgniter\Database\MySQLi\Connection->execute('INSERT INTO `daftar_akun` (`kode_akun`, `nama_akun`, `bisa_kirim`, `bisa_terima`) VALUES (\'wesysa\', \'aegsaehgs\', \'0\', \'1\')')
 3 SYSTEMPATH\Database\BaseConnection.php(593): CodeIgniter\Database\BaseConnection->simpleQuery('INSERT INTO `daftar_akun` (`kode_akun`, `nama_akun`, `bisa_kirim`, `bisa_terima`) VALUES (\'wesysa\', \'aegsaehgs\', \'0\', \'1\')')
 4 SYSTEMPATH\Database\BaseBuilder.php(1916): CodeIgniter\Database\BaseConnection->query('INSERT INTO `daftar_akun` (`kode_akun`, `nama_akun`, `bisa_kirim`, `bisa_terima`) VALUES (:kode_akun:, :nama_akun:, :bisa_kirim:, :bisa_terima:)', [...], false)
 5 SYSTEMPATH\Model.php(279): CodeIgniter\Database\BaseBuilder->insert()
 6 SYSTEMPATH\BaseModel.php(749): CodeIgniter\Model->doInsert([...])
 7 SYSTEMPATH\Model.php(667): CodeIgniter\BaseModel->insert([...], true)
 8 APPPATH\Controllers\Rekening.php(33): CodeIgniter\Model->insert([...])
 9 SYSTEMPATH\CodeIgniter.php(927): App\Controllers\Rekening->add()
10 SYSTEMPATH\CodeIgniter.php(482): CodeIgniter\CodeIgniter->runController(Object(App\Controllers\Rekening))
11 SYSTEMPATH\CodeIgniter.php(351): CodeIgniter\CodeIgniter->handleRequest(null, Object(Config\Cache), false)
12 FCPATH\index.php(67): CodeIgniter\CodeIgniter->run()
CRITICAL - 2022-12-14 18:17:59 --> There is no primary key defined when trying to make insert.
in SYSTEMPATH\Model.php on line 269.
 1 SYSTEMPATH\Model.php(269): CodeIgniter\Database\Exceptions\DataException::forEmptyPrimaryKey('insert')
 2 SYSTEMPATH\BaseModel.php(749): CodeIgniter\Model->doInsert([...])
 3 SYSTEMPATH\Model.php(667): CodeIgniter\BaseModel->insert([...], true)
 4 APPPATH\Controllers\Rekening.php(33): CodeIgniter\Model->insert([...])
 5 SYSTEMPATH\CodeIgniter.php(927): App\Controllers\Rekening->add()
 6 SYSTEMPATH\CodeIgniter.php(482): CodeIgniter\CodeIgniter->runController(Object(App\Controllers\Rekening))
 7 SYSTEMPATH\CodeIgniter.php(351): CodeIgniter\CodeIgniter->handleRequest(null, Object(Config\Cache), false)
 8 FCPATH\index.php(67): CodeIgniter\CodeIgniter->run()
ERROR - 2022-12-14 18:46:03 --> mysqli_sql_exception: Duplicate entry 'k101' for key 'kode_akun' in C:\xampp\htdocs\konasapp\system\Database\MySQLi\Connection.php:292
Stack trace:
#0 C:\xampp\htdocs\konasapp\system\Database\MySQLi\Connection.php(292): mysqli->query('INSERT INTO `da...', 0)
#1 C:\xampp\htdocs\konasapp\system\Database\BaseConnection.php(666): CodeIgniter\Database\MySQLi\Connection->execute('INSERT INTO `da...')
#2 C:\xampp\htdocs\konasapp\system\Database\BaseConnection.php(593): CodeIgniter\Database\BaseConnection->simpleQuery('INSERT INTO `da...')
#3 C:\xampp\htdocs\konasapp\system\Database\BaseBuilder.php(1916): CodeIgniter\Database\BaseConnection->query('INSERT INTO `da...', Array, false)
#4 C:\xampp\htdocs\konasapp\system\Model.php(279): CodeIgniter\Database\BaseBuilder->insert()
#5 C:\xampp\htdocs\konasapp\system\BaseModel.php(749): CodeIgniter\Model->doInsert(Array)
#6 C:\xampp\htdocs\konasapp\system\Model.php(667): CodeIgniter\BaseModel->insert(Array, true)
#7 C:\xampp\htdocs\konasapp\app\Controllers\Rekening.php(33): CodeIgniter\Model->insert(Array)
#8 C:\xampp\htdocs\konasapp\system\CodeIgniter.php(927): App\Controllers\Rekening->add()
#9 C:\xampp\htdocs\konasapp\system\CodeIgniter.php(482): CodeIgniter\CodeIgniter->runController(Object(App\Controllers\Rekening))
#10 C:\xampp\htdocs\konasapp\system\CodeIgniter.php(351): CodeIgniter\CodeIgniter->handleRequest(NULL, Object(Config\Cache), false)
#11 C:\xampp\htdocs\konasapp\public\index.php(67): CodeIgniter\CodeIgniter->run()
#12 {main}
CRITICAL - 2022-12-14 18:46:03 --> Duplicate entry 'k101' for key 'kode_akun'
in SYSTEMPATH\Database\MySQLi\Connection.php on line 292.
 1 SYSTEMPATH\Database\MySQLi\Connection.php(292): mysqli->query('INSERT INTO `daftar_akun` (`kode_akun`, `nama_akun`, `bisa_kirim`, `bisa_terima`) VALUES (\'k101\', \'a\', \'1\', \'1\')', 0)
 2 SYSTEMPATH\Database\BaseConnection.php(666): CodeIgniter\Database\MySQLi\Connection->execute('INSERT INTO `daftar_akun` (`kode_akun`, `nama_akun`, `bisa_kirim`, `bisa_terima`) VALUES (\'k101\', \'a\', \'1\', \'1\')')
 3 SYSTEMPATH\Database\BaseConnection.php(593): CodeIgniter\Database\BaseConnection->simpleQuery('INSERT INTO `daftar_akun` (`kode_akun`, `nama_akun`, `bisa_kirim`, `bisa_terima`) VALUES (\'k101\', \'a\', \'1\', \'1\')')
 4 SYSTEMPATH\Database\BaseBuilder.php(1916): CodeIgniter\Database\BaseConnection->query('INSERT INTO `daftar_akun` (`kode_akun`, `nama_akun`, `bisa_kirim`, `bisa_terima`) VALUES (:kode_akun:, :nama_akun:, :bisa_kirim:, :bisa_terima:)', [...], false)
 5 SYSTEMPATH\Model.php(279): CodeIgniter\Database\BaseBuilder->insert()
 6 SYSTEMPATH\BaseModel.php(749): CodeIgniter\Model->doInsert([...])
 7 SYSTEMPATH\Model.php(667): CodeIgniter\BaseModel->insert([...], true)
 8 APPPATH\Controllers\Rekening.php(33): CodeIgniter\Model->insert([...])
 9 SYSTEMPATH\CodeIgniter.php(927): App\Controllers\Rekening->add()
10 SYSTEMPATH\CodeIgniter.php(482): CodeIgniter\CodeIgniter->runController(Object(App\Controllers\Rekening))
11 SYSTEMPATH\CodeIgniter.php(351): CodeIgniter\CodeIgniter->handleRequest(null, Object(Config\Cache), false)
12 FCPATH\index.php(67): CodeIgniter\CodeIgniter->run()
ERROR - 2022-12-14 18:46:46 --> mysqli_sql_exception: Duplicate entry 'k101' for key 'kode_akun' in C:\xampp\htdocs\konasapp\system\Database\MySQLi\Connection.php:292
Stack trace:
#0 C:\xampp\htdocs\konasapp\system\Database\MySQLi\Connection.php(292): mysqli->query('INSERT INTO `da...', 0)
#1 C:\xampp\htdocs\konasapp\system\Database\BaseConnection.php(666): CodeIgniter\Database\MySQLi\Connection->execute('INSERT INTO `da...')
#2 C:\xampp\htdocs\konasapp\system\Database\BaseConnection.php(593): CodeIgniter\Database\BaseConnection->simpleQuery('INSERT INTO `da...')
#3 C:\xampp\htdocs\konasapp\system\Database\BaseBuilder.php(1916): CodeIgniter\Database\BaseConnection->query('INSERT INTO `da...', Array, false)
#4 C:\xampp\htdocs\konasapp\system\Model.php(279): CodeIgniter\Database\BaseBuilder->insert()
#5 C:\xampp\htdocs\konasapp\system\BaseModel.php(749): CodeIgniter\Model->doInsert(Array)
#6 C:\xampp\htdocs\konasapp\system\Model.php(667): CodeIgniter\BaseModel->insert(Array, true)
#7 C:\xampp\htdocs\konasapp\app\Controllers\Rekening.php(33): CodeIgniter\Model->insert(Array)
#8 C:\xampp\htdocs\konasapp\system\CodeIgniter.php(927): App\Controllers\Rekening->add()
#9 C:\xampp\htdocs\konasapp\system\CodeIgniter.php(482): CodeIgniter\CodeIgniter->runController(Object(App\Controllers\Rekening))
#10 C:\xampp\htdocs\konasapp\system\CodeIgniter.php(351): CodeIgniter\CodeIgniter->handleRequest(NULL, Object(Config\Cache), false)
#11 C:\xampp\htdocs\konasapp\public\index.php(67): CodeIgniter\CodeIgniter->run()
#12 {main}
CRITICAL - 2022-12-14 18:46:46 --> Duplicate entry 'k101' for key 'kode_akun'
in SYSTEMPATH\Database\MySQLi\Connection.php on line 292.
 1 SYSTEMPATH\Database\MySQLi\Connection.php(292): mysqli->query('INSERT INTO `daftar_akun` (`kode_akun`, `nama_akun`, `bisa_kirim`, `bisa_terima`) VALUES (\'k101\', \'1\', \'1\', \'1\')', 0)
 2 SYSTEMPATH\Database\BaseConnection.php(666): CodeIgniter\Database\MySQLi\Connection->execute('INSERT INTO `daftar_akun` (`kode_akun`, `nama_akun`, `bisa_kirim`, `bisa_terima`) VALUES (\'k101\', \'1\', \'1\', \'1\')')
 3 SYSTEMPATH\Database\BaseConnection.php(593): CodeIgniter\Database\BaseConnection->simpleQuery('INSERT INTO `daftar_akun` (`kode_akun`, `nama_akun`, `bisa_kirim`, `bisa_terima`) VALUES (\'k101\', \'1\', \'1\', \'1\')')
 4 SYSTEMPATH\Database\BaseBuilder.php(1916): CodeIgniter\Database\BaseConnection->query('INSERT INTO `daftar_akun` (`kode_akun`, `nama_akun`, `bisa_kirim`, `bisa_terima`) VALUES (:kode_akun:, :nama_akun:, :bisa_kirim:, :bisa_terima:)', [...], false)
 5 SYSTEMPATH\Model.php(279): CodeIgniter\Database\BaseBuilder->insert()
 6 SYSTEMPATH\BaseModel.php(749): CodeIgniter\Model->doInsert([...])
 7 SYSTEMPATH\Model.php(667): CodeIgniter\BaseModel->insert([...], true)
 8 APPPATH\Controllers\Rekening.php(33): CodeIgniter\Model->insert([...])
 9 SYSTEMPATH\CodeIgniter.php(927): App\Controllers\Rekening->add()
10 SYSTEMPATH\CodeIgniter.php(482): CodeIgniter\CodeIgniter->runController(Object(App\Controllers\Rekening))
11 SYSTEMPATH\CodeIgniter.php(351): CodeIgniter\CodeIgniter->handleRequest(null, Object(Config\Cache), false)
12 FCPATH\index.php(67): CodeIgniter\CodeIgniter->run()
CRITICAL - 2022-12-14 21:27:55 --> Class 'Ramsey\Uuid\Uuid' not found
in APPPATH\ThirdParty\codeigniter4-uuid-1.0.1\src\Uuid.php on line 97.
 1 APPPATH\Controllers\Rekening.php(40): Michalsn\Uuid\Uuid->uuid4()
 2 SYSTEMPATH\CodeIgniter.php(927): App\Controllers\Rekening->edit('k102')
 3 SYSTEMPATH\CodeIgniter.php(482): CodeIgniter\CodeIgniter->runController(Object(App\Controllers\Rekening))
 4 SYSTEMPATH\CodeIgniter.php(351): CodeIgniter\CodeIgniter->handleRequest(null, Object(Config\Cache), false)
 5 FCPATH\index.php(67): CodeIgniter\CodeIgniter->run()
CRITICAL - 2022-12-14 21:28:08 --> Class 'Ramsey\Uuid\Uuid' not found
in APPPATH\ThirdParty\codeigniter4-uuid-1.0.1\src\Uuid.php on line 97.
 1 APPPATH\Controllers\Rekening.php(40): Michalsn\Uuid\Uuid->uuid4()
 2 SYSTEMPATH\CodeIgniter.php(927): App\Controllers\Rekening->edit('k102')
 3 SYSTEMPATH\CodeIgniter.php(482): CodeIgniter\CodeIgniter->runController(Object(App\Controllers\Rekening))
 4 SYSTEMPATH\CodeIgniter.php(351): CodeIgniter\CodeIgniter->handleRequest(null, Object(Config\Cache), false)
 5 FCPATH\index.php(67): CodeIgniter\CodeIgniter->run()
CRITICAL - 2022-12-14 23:00:13 --> Class 'Ramsey\Uuid\Uuid' not found
in APPPATH\ThirdParty\codeigniter4-uuid-1.0.1\src\Uuid.php on line 97.
 1 APPPATH\Controllers\Rekening.php(41): Michalsn\Uuid\Uuid->uuid4()
 2 SYSTEMPATH\CodeIgniter.php(927): App\Controllers\Rekening->edit('k102')
 3 SYSTEMPATH\CodeIgniter.php(482): CodeIgniter\CodeIgniter->runController(Object(App\Controllers\Rekening))
 4 SYSTEMPATH\CodeIgniter.php(351): CodeIgniter\CodeIgniter->handleRequest(null, Object(Config\Cache), false)
 5 FCPATH\index.php(67): CodeIgniter\CodeIgniter->run()
