CRITICAL - 2022-12-17 00:37:11 --> Object of class App\Models\Model_Rekening could not be converted to string
in APPPATH\Views\logs.php on line 30.
 1 SYSTEMPATH\View\View.php(213): include()
 2 SYSTEMPATH\View\View.php(216): CodeIgniter\View\View->CodeIgniter\View\{closure}()
 3 SYSTEMPATH\Common.php(1134): CodeIgniter\View\View->render('logs', [], true)
 4 APPPATH\Controllers\Logs.php(25): view('logs', [...])
 5 SYSTEMPATH\CodeIgniter.php(927): App\Controllers\Logs->index()
 6 SYSTEMPATH\CodeIgniter.php(482): CodeIgniter\CodeIgniter->runController(Object(App\Controllers\Logs))
 7 SYSTEMPATH\CodeIgniter.php(351): CodeIgniter\CodeIgniter->handleRequest(null, Object(Config\Cache), false)
 8 FCPATH\index.php(67): CodeIgniter\CodeIgniter->run()
CRITICAL - 2022-12-17 12:25:52 --> Array to string conversion
in APPPATH\Views\logs.php on line 32.
 1 APPPATH\Views\logs.php(32): CodeIgniter\Debug\Exceptions->errorHandler(8, 'Array to string conversion', 'APPPATH\\Views\\logs.php', 32, [...])
 2 SYSTEMPATH\View\View.php(213): include('APPPATH\\Views\\logs.php')
 3 SYSTEMPATH\View\View.php(216): CodeIgniter\View\View->CodeIgniter\View\{closure}()
 4 SYSTEMPATH\Common.php(1134): CodeIgniter\View\View->render('logs', [], true)
 5 APPPATH\Controllers\Logs.php(28): view('logs', [...])
 6 SYSTEMPATH\CodeIgniter.php(927): App\Controllers\Logs->index()
 7 SYSTEMPATH\CodeIgniter.php(482): CodeIgniter\CodeIgniter->runController(Object(App\Controllers\Logs))
 8 SYSTEMPATH\CodeIgniter.php(351): CodeIgniter\CodeIgniter->handleRequest(null, Object(Config\Cache), false)
 9 FCPATH\index.php(67): CodeIgniter\CodeIgniter->run()
CRITICAL - 2022-12-17 16:19:55 --> Maximum execution time of 120 seconds exceeded
in SYSTEMPATH\ThirdParty\Kint\Parser\ArrayObjectPlugin.php on line 64.
 1 [internal function]: CodeIgniter\Debug\Exceptions->shutdownHandler()
