CRITICAL - 2022-12-12 08:51:17 --> Class 'App\Models\Model_Rekening' not found
in APPPATH\Controllers\Rekening.php on line 10.
 1 SYSTEMPATH\CodeIgniter.php(927): App\Controllers\Rekening->list()
 2 SYSTEMPATH\CodeIgniter.php(482): CodeIgniter\CodeIgniter->runController(Object(App\Controllers\Rekening))
 3 SYSTEMPATH\CodeIgniter.php(351): CodeIgniter\CodeIgniter->handleRequest(null, Object(Config\Cache), false)
 4 FCPATH\index.php(67): CodeIgniter\CodeIgniter->run()
CRITICAL - 2022-12-12 08:54:28 --> Undefined variable: variable
in APPPATH\Views\rekening.php on line 25.
 1 APPPATH\Views\rekening.php(25): CodeIgniter\Debug\Exceptions->errorHandler(8, 'Undefined variable: variable', 'APPPATH\\Views\\rekening.php', 25, [...])
 2 SYSTEMPATH\View\View.php(213): include('APPPATH\\Views\\rekening.php')
 3 SYSTEMPATH\View\View.php(216): CodeIgniter\View\View->CodeIgniter\View\{closure}()
 4 SYSTEMPATH\Common.php(1134): CodeIgniter\View\View->render('rekening', [], true)
 5 APPPATH\Controllers\Rekening.php(20): view('rekening', [...])
 6 SYSTEMPATH\CodeIgniter.php(927): App\Controllers\Rekening->list()
 7 SYSTEMPATH\CodeIgniter.php(482): CodeIgniter\CodeIgniter->runController(Object(App\Controllers\Rekening))
 8 SYSTEMPATH\CodeIgniter.php(351): CodeIgniter\CodeIgniter->handleRequest(null, Object(Config\Cache), false)
 9 FCPATH\index.php(67): CodeIgniter\CodeIgniter->run()
CRITICAL - 2022-12-12 08:54:32 --> Undefined variable: variable
in APPPATH\Views\rekening.php on line 25.
 1 APPPATH\Views\rekening.php(25): CodeIgniter\Debug\Exceptions->errorHandler(8, 'Undefined variable: variable', 'APPPATH\\Views\\rekening.php', 25, [...])
 2 SYSTEMPATH\View\View.php(213): include('APPPATH\\Views\\rekening.php')
 3 SYSTEMPATH\View\View.php(216): CodeIgniter\View\View->CodeIgniter\View\{closure}()
 4 SYSTEMPATH\Common.php(1134): CodeIgniter\View\View->render('rekening', [], true)
 5 APPPATH\Controllers\Rekening.php(20): view('rekening', [...])
 6 SYSTEMPATH\CodeIgniter.php(927): App\Controllers\Rekening->list()
 7 SYSTEMPATH\CodeIgniter.php(482): CodeIgniter\CodeIgniter->runController(Object(App\Controllers\Rekening))
 8 SYSTEMPATH\CodeIgniter.php(351): CodeIgniter\CodeIgniter->handleRequest(null, Object(Config\Cache), false)
 9 FCPATH\index.php(67): CodeIgniter\CodeIgniter->run()
CRITICAL - 2022-12-12 08:55:01 --> Array to string conversion
in APPPATH\Views\rekening.php on line 31.
 1 APPPATH\Views\rekening.php(31): CodeIgniter\Debug\Exceptions->errorHandler(8, 'Array to string conversion', 'APPPATH\\Views\\rekening.php', 31, [...])
 2 SYSTEMPATH\View\View.php(213): include('APPPATH\\Views\\rekening.php')
 3 SYSTEMPATH\View\View.php(216): CodeIgniter\View\View->CodeIgniter\View\{closure}()
 4 SYSTEMPATH\Common.php(1134): CodeIgniter\View\View->render('rekening', [], true)
 5 APPPATH\Controllers\Rekening.php(20): view('rekening', [...])
 6 SYSTEMPATH\CodeIgniter.php(927): App\Controllers\Rekening->list()
 7 SYSTEMPATH\CodeIgniter.php(482): CodeIgniter\CodeIgniter->runController(Object(App\Controllers\Rekening))
 8 SYSTEMPATH\CodeIgniter.php(351): CodeIgniter\CodeIgniter->handleRequest(null, Object(Config\Cache), false)
 9 FCPATH\index.php(67): CodeIgniter\CodeIgniter->run()
CRITICAL - 2022-12-12 09:00:52 --> Array to string conversion
in APPPATH\Views\rekening.php on line 39.
 1 APPPATH\Views\rekening.php(39): CodeIgniter\Debug\Exceptions->errorHandler(8, 'Array to string conversion', 'APPPATH\\Views\\rekening.php', 39, [...])
 2 SYSTEMPATH\View\View.php(213): include('APPPATH\\Views\\rekening.php')
 3 SYSTEMPATH\View\View.php(216): CodeIgniter\View\View->CodeIgniter\View\{closure}()
 4 SYSTEMPATH\Common.php(1134): CodeIgniter\View\View->render('rekening', [], true)
 5 APPPATH\Controllers\Rekening.php(21): view('rekening', [...])
 6 SYSTEMPATH\CodeIgniter.php(927): App\Controllers\Rekening->list()
 7 SYSTEMPATH\CodeIgniter.php(482): CodeIgniter\CodeIgniter->runController(Object(App\Controllers\Rekening))
 8 SYSTEMPATH\CodeIgniter.php(351): CodeIgniter\CodeIgniter->handleRequest(null, Object(Config\Cache), false)
 9 FCPATH\index.php(67): CodeIgniter\CodeIgniter->run()
CRITICAL - 2022-12-12 10:14:11 --> Undefined variable: list
in APPPATH\Views\rekening.php on line 47.
 1 APPPATH\Views\rekening.php(47): CodeIgniter\Debug\Exceptions->errorHandler(8, 'Undefined variable: list', 'APPPATH\\Views\\rekening.php', 47, [...])
 2 SYSTEMPATH\View\View.php(213): include('APPPATH\\Views\\rekening.php')
 3 SYSTEMPATH\View\View.php(216): CodeIgniter\View\View->CodeIgniter\View\{closure}()
 4 SYSTEMPATH\Common.php(1134): CodeIgniter\View\View->render('rekening', [], true)
 5 APPPATH\Controllers\Rekening.php(21): view('rekening', [...])
 6 SYSTEMPATH\CodeIgniter.php(927): App\Controllers\Rekening->list()
 7 SYSTEMPATH\CodeIgniter.php(482): CodeIgniter\CodeIgniter->runController(Object(App\Controllers\Rekening))
 8 SYSTEMPATH\CodeIgniter.php(351): CodeIgniter\CodeIgniter->handleRequest(null, Object(Config\Cache), false)
 9 FCPATH\index.php(67): CodeIgniter\CodeIgniter->run()
CRITICAL - 2022-12-12 16:02:51 --> Declaration of App\Controllers\Rekening::edit($kode_akun) should be compatible with CodeIgniter\RESTful\ResourceController::edit($id = NULL)
in APPPATH\Controllers\Rekening.php on line 34.
 1 APPPATH\Controllers\Rekening.php(11): CodeIgniter\Debug\Exceptions->errorHandler(2, 'Declaration of App\\Controllers\\Rekening::edit($kode_akun) should be compatible with CodeIgniter\\RESTful\\ResourceController::edit($id = NULL)', 'APPPATH\\Controllers\\Rekening.php', 34, [...])
 2 SYSTEMPATH\Autoloader\Autoloader.php(282): include_once('APPPATH\\Controllers\\Rekening.php')
 3 SYSTEMPATH\Autoloader\Autoloader.php(259): CodeIgniter\Autoloader\Autoloader->includeFile('APPPATH\\Controllers\\Rekening.php')
 4 SYSTEMPATH\Autoloader\Autoloader.php(237): CodeIgniter\Autoloader\Autoloader->loadInNamespace('App\\Controllers\\Rekening')
 5 [internal function]: CodeIgniter\Autoloader\Autoloader->loadClass('App\\Controllers\\Rekening')
 6 [internal function]: spl_autoload_call('App\\Controllers\\Rekening')
 7 SYSTEMPATH\CodeIgniter.php(877): class_exists('\\App\\Controllers\\Rekening', true)
 8 SYSTEMPATH\CodeIgniter.php(469): CodeIgniter\CodeIgniter->startController()
 9 SYSTEMPATH\CodeIgniter.php(351): CodeIgniter\CodeIgniter->handleRequest(null, Object(Config\Cache), false)
10 FCPATH\index.php(67): CodeIgniter\CodeIgniter->run()
CRITICAL - 2022-12-12 16:20:52 --> App\Controllers\Rekening cannot use CodeIgniter\HTTP\Response - it is not a trait
in APPPATH\Controllers\Rekening.php on line 12.
 1 [internal function]: CodeIgniter\Debug\Exceptions->shutdownHandler()
